{
  "RSpec": {
    "coverage": {
      "/vagrant/src/participation/app/models/user.rb": [
        1,
        1,
        null,
        null,
        1,
        null,
        null
      ],
      "/vagrant/src/participation/app/helpers/application_helper.rb": [
        1,
        null
      ],
      "/vagrant/src/participation/app/helpers/classes_helper.rb": [
        1,
        null
      ],
      "/vagrant/src/participation/app/helpers/comments_helper.rb": [
        1,
        null
      ],
      "/vagrant/src/participation/app/helpers/static_pages_helper.rb": [
        1,
        null
      ],
      "/vagrant/src/participation/app/helpers/students_helper.rb": [
        1,
        null
      ],
      "/vagrant/src/participation/app/controllers/classes_controller.rb": [
        1,
        1,
        1,
        null,
        1,
        1,
        null,
        null,
        1,
        3,
        3,
        3,
        1,
        1,
        null,
        2,
        2,
        null,
        null,
        null,
        1,
        1,
        null,
        null,
        1,
        1,
        1,
        1,
        1,
        null,
        0,
        0,
        null,
        null,
        null,
        1,
        1,
        1,
        null,
        null,
        1,
        1,
        1,
        0,
        null,
        1,
        1,
        1,
        1,
        null,
        null,
        1,
        1,
        1,
        1,
        null,
        null,
        1,
        null,
        1,
        10,
        5,
        null,
        null,
        null,
        1,
        1,
        14,
        2,
        null,
        12,
        null,
        null,
        null,
        1,
        4,
        null,
        null,
        null
      ],
      "/vagrant/src/participation/app/controllers/application_controller.rb": [
        1,
        null,
        null,
        1,
        null,
        null
      ],
      "/vagrant/src/participation/app/controllers/students_controller.rb": [
        1,
        1,
        1,
        null,
        1,
        0,
        0,
        null,
        0,
        null,
        null,
        1,
        1,
        1,
        1,
        1,
        null,
        null,
        1,
        0,
        null,
        0,
        null,
        null,
        1,
        0,
        0,
        0,
        0,
        null,
        0,
        0,
        null,
        null,
        1,
        null,
        1,
        2,
        1,
        null,
        null,
        null,
        1,
        1,
        3,
        null,
        null,
        1,
        0,
        null,
        null,
        null
      ],
      "/vagrant/src/participation/app/models/course.rb": [
        1,
        1,
        1,
        1,
        1,
        1,
        null
      ],
      "/vagrant/src/participation/app/models/student.rb": [
        1,
        1,
        1,
        1,
        1,
        null
      ],
      "/vagrant/src/participation/app/models/comment.rb": [
        1,
        1,
        1,
        null
      ],
      "/vagrant/src/participation/app/controllers/comments_controller.rb": [
        0,
        0,
        0,
        0,
        0,
        0,
        0,
        0,
        0,
        0,
        0,
        0,
        0,
        0,
        0,
        0,
        0,
        0,
        0,
        0,
        0,
        0,
        0,
        0,
        0,
        0,
        0,
        0,
        0,
        0,
        0,
        0,
        0
      ],
      "/vagrant/src/participation/app/controllers/static_pages_controller.rb": [
        0,
        0,
        0,
        0,
        0,
        0
      ]
    },
    "timestamp": 1483147188
  }
}
